SF:lib/model/Family.dart
DA:9,0
DA:15,1
DA:17,2
DA:18,2
DA:19,2
LF:5
LH:4
end_of_record
SF:lib/model/ListItem.dart
DA:10,0
DA:20,1
DA:22,2
DA:23,2
DA:24,2
DA:25,2
DA:26,2
DA:27,2
LF:8
LH:7
end_of_record
SF:lib/model/pantryItem.dart
DA:8,0
DA:16,1
DA:18,2
DA:19,2
DA:20,2
DA:21,2
DA:24,1
DA:25,2
LF:8
LH:7
end_of_record
SF:lib/model/Item.dart
DA:12,0
DA:18,1
DA:20,2
DA:21,2
DA:22,2
DA:23,2
LF:6
LH:5
end_of_record
SF:lib/model/List.dart
DA:13,0
DA:22,1
DA:24,2
DA:25,2
DA:26,2
DA:27,2
DA:28,2
DA:29,2
DA:30,2
LF:9
LH:8
end_of_record
SF:lib/model/Schedule.dart
DA:8,0
DA:10,1
DA:12,2
DA:13,2
LF:4
LH:3
end_of_record
SF:lib/model/ScheduleItem.dart
DA:11,0
DA:20,1
DA:22,2
DA:23,2
DA:24,2
DA:25,2
DA:26,2
LF:7
LH:6
end_of_record
SF:lib/model/pantry.dart
DA:9,0
DA:13,1
DA:15,2
DA:16,2
LF:4
LH:3
end_of_record
SF:lib/model/user_model.dart
DA:8,0
DA:12,1
DA:13,2
DA:14,2
DA:15,2
DA:16,2
DA:17,2
DA:18,2
DA:22,2
DA:23,2
DA:24,2
DA:25,2
DA:26,2
DA:27,2
DA:28,2
LF:15
LH:14
end_of_record
SF:lib/reusable_widgets/reusable_widgets.dart
DA:19,1
DA:21,1
DA:23,1
DA:25,1
DA:29,1
DA:31,1
DA:35,1
DA:41,1
DA:41,1
DA:44,1
DA:51,1
DA:51,1
DA:54,1
DA:55,0
DA:56,0
DA:57,1
DA:58,1
DA:61,1
DA:63,1
DA:64,1
DA:69,1
DA:71,1
DA:71,1
DA:81,1
DA:82,1
DA:84,1
DA:85,1
DA:88,1
DA:89,1
DA:91,1
DA:91,1
DA:92,1
DA:94,1
DA:97,1
DA:98,1
DA:114,1
DA:115,1
DA:116,1
DA:112,1
DA:113,1
DA:114,1
DA:117,1
DA:118,1
DA:119,1
DA:121,1
DA:122,1
DA:123,1
DA:124,1
DA:125,1
DA:127,1
DA:129,1
DA:131,1
DA:131,1
DA:133,1
DA:134,1
DA:142,1
DA:144,1
DA:146,1
DA:147,1
DA:148,1
DA:149,1
DA:151,1
DA:151,1
DA:153,1
DA:154,1
DA:157,1
DA:159,1
DA:163,1
DA:164,1
DA:166,1
DA:167,0
DA:171,1
DA:172,1
DA:179,1
DA:181,1
DA:181,1
DA:182,1
DA:184,1
DA:185,1
DA:188,1
DA:191,1
DA:194,1
DA:195,1
DA:196,1
DA:216,1
DA:218,1
DA:211,1
DA:212,0
DA:214,1
DA:215,1
DA:216,1
DA:218,1
DA:219,1
DA:221,1
DA:222,1
DA:223,1
DA:224,1
DA:226,1
DA:229,1
DA:231,1
DA:241,1
DA:242,1
DA:243,1
DA:251,0
DA:252,1
DA:253,1
DA:257,1
DA:258,1
DA:259,1
DA:261,1
DA:263,1
DA:265,1
DA:266,1
DA:267,1
DA:271,1
DA:271,1
DA:272,1
DA:273,1
DA:275,1
DA:277,1
DA:278,1
DA:279,1
DA:281,0
DA:281,1
DA:285,1
DA:286,1
DA:287,1
DA:293,1
DA:294,1
DA:296,1
DA:297,1
DA:298,1
DA:299,1
DA:311,1
DA:317,1
DA:319,1
DA:311,1
DA:312,1
DA:313,1
DA:315,1
DA:321,0
DA:322,1
DA:324,1
DA:325,1
DA:327,1
DA:328,1
DA:336,1
DA:338,1
DA:341,1
DA:341,1
DA:343,1
DA:349,1
DA:356,1
DA:357,1
DA:358,1
DA:359,1
DA:362,1
DA:364,1
DA:367,0
DA:371,1
DA:374,1
DA:375,1
DA:376,1
DA:377,1
DA:378,1
DA:379,1
DA:381,1
DA:383,1
DA:384,3
DA:385,1
DA:387,1
DA:396,1
DA:397,1
DA:399,1
DA:411,1
DA:411,1
DA:415,1
DA:417,0
DA:418,1
DA:414,1
DA:416,1
DA:417,1
DA:418,1
DA:421,1
DA:427,1
DA:429,1
DA:431,1
DA:437,1
DA:439,1
DA:443,1
DA:451,1
DA:451,1
DA:452,1
DA:453,1
DA:454,1
DA:461,1
DA:462,0
DA:464,1
DA:465,0
DA:466,0
DA:468,0
DA:469,0
DA:475,0
DA:477,0
DA:478,0
DA:479,0
DA:481,0
DA:482,0
DA:488,1
DA:491,0
DA:491,0
DA:492,0
DA:494,1
DA:495,0
DA:511,0
DA:513,1
DA:514,1
DA:515,1
DA:517,1
DA:518,0
DA:517,0
DA:522,0
DA:524,1
DA:526,1
DA:527,1
DA:531,1
DA:532,0
DA:536,0
DA:538,0
DA:539,1
DA:546,0
DA:549,1
DA:551,1
DA:557,0
DA:558,1
DA:561,1
DA:563,1
DA:567,1
DA:568,0
DA:571,0
DA:571,0
DA:581,0
DA:584,1
DA:585,1
DA:587,0
DA:588,1
DA:589,0
DA:591,0
DA:592,0
DA:593,0
DA:594,1
DA:599,0
DA:611,1
DA:612,1
DA:612,1
DA:614,1
LF:256
LH:240
end_of_record
SF:lib/reusable_widgets/list_view_widgets.dart
DA:8,1
DA:9,1
DA:11,1
DA:13,1
DA:14,1
DA:16,1
DA:18,1
DA:19,1
DA:21,1
DA:21,1
DA:22,1
DA:31,0
DA:32,0
DA:33,0
DA:35,0
DA:37,1
DA:41,1
DA:41,0
DA:42,1
DA:44,1
DA:46,1
DA:51,1
DA:51,1
DA:52,1
DA:53,1
DA:54,1
DA:59,1
LF:27
LH:21
end_of_record