SF:lib/model/Family.dart
DA:9,0
DA:15,1
DA:17,2
DA:18,2
DA:19,2
LF:5
LH:4
end_of_record
SF:lib/model/ListItem.dart
DA:10,0
DA:20,1
DA:22,2
DA:23,2
DA:24,2
DA:25,2
DA:26,2
DA:27,2
LF:8
LH:7
end_of_record
SF:lib/model/pantryItem.dart
DA:8,0
DA:16,1
DA:18,2
DA:19,2
DA:20,2
DA:21,2
DA:24,1
DA:25,2
LF:8
LH:7
end_of_record
SF:lib/model/Item.dart
DA:12,0
DA:18,1
DA:20,2
DA:21,2
DA:22,2
DA:23,2
LF:6
LH:5
end_of_record
SF:lib/model/List.dart
DA:13,0
DA:22,1
DA:24,2
DA:25,2
DA:26,2
DA:27,2
DA:28,2
DA:29,2
DA:30,2
LF:9
LH:8
end_of_record
SF:lib/model/Schedule.dart
DA:8,0
DA:10,1
DA:12,2
DA:13,2
LF:4
LH:3
end_of_record
SF:lib/model/ScheduleItem.dart
DA:11,0
DA:20,1
DA:22,2
DA:23,2
DA:24,2
DA:25,2
DA:26,2
LF:7
LH:6
end_of_record
SF:lib/model/pantry.dart
DA:9,0
DA:13,1
DA:15,2
DA:16,2
LF:4
LH:3
end_of_record